The system is: Linux - 4.8.0-41-generic - x86_64
Compiling the C compiler identification source file "CMakeCCompilerId.c" succeeded.
Compiler: /usr/bin/cc 
Build flags: 
Id flags: 

The output was:
0


Compilation of the C compiler identification source "CMakeCCompilerId.c" produced "a.out"

The C compiler identification is Clang, found in "/home/rewrite/Documents/github-repos/trdrop/trdrop_lib/build/CMakeFiles/3.5.2/CompilerIdC/a.out"

Compiling the CXX compiler identification source file "CMakeCXXCompilerId.cpp" succeeded.
Compiler: /usr/bin/c++ 
Build flags: 
Id flags: 

The output was:
0


Compilation of the CXX compiler identification source "CMakeCXXCompilerId.cpp" produced "a.out"

The CXX compiler identification is Clang, found in "/home/rewrite/Documents/github-repos/trdrop/trdrop_lib/build/CMakeFiles/3.5.2/CompilerIdCXX/a.out"

Determining if the C compiler works passed with the following output:
Change Dir: /home/rewrite/Documents/github-repos/trdrop/trdrop_lib/build/CMakeFiles/CMakeTmp

Run Build Command:"/usr/bin/make" "cmTC_e6ed1/fast"
/usr/bin/make -f CMakeFiles/cmTC_e6ed1.dir/build.make CMakeFiles/cmTC_e6ed1.dir/build
make[1]: Entering directory '/home/rewrite/Documents/github-repos/trdrop/trdrop_lib/build/CMakeFiles/CMakeTmp'
Building C object CMakeFiles/cmTC_e6ed1.dir/testCCompiler.c.o
/usr/bin/cc     -o CMakeFiles/cmTC_e6ed1.dir/testCCompiler.c.o   -c /home/rewrite/Documents/github-repos/trdrop/trdrop_lib/build/CMakeFiles/CMakeTmp/testCCompiler.c
Linking C executable cmTC_e6ed1
/usr/bin/cmake -E cmake_link_script CMakeFiles/cmTC_e6ed1.dir/link.txt --verbose=1
/usr/bin/cc       CMakeFiles/cmTC_e6ed1.dir/testCCompiler.c.o  -o cmTC_e6ed1 -rdynamic 
make[1]: Leaving directory '/home/rewrite/Documents/github-repos/trdrop/trdrop_lib/build/CMakeFiles/CMakeTmp'


Detecting C compiler ABI info compiled with the following output:
Change Dir: /home/rewrite/Documents/github-repos/trdrop/trdrop_lib/build/CMakeFiles/CMakeTmp

Run Build Command:"/usr/bin/make" "cmTC_9d644/fast"
/usr/bin/make -f CMakeFiles/cmTC_9d644.dir/build.make CMakeFiles/cmTC_9d644.dir/build
make[1]: Entering directory '/home/rewrite/Documents/github-repos/trdrop/trdrop_lib/build/CMakeFiles/CMakeTmp'
Building C object CMakeFiles/cmTC_9d644.dir/CMakeCCompilerABI.c.o
/usr/bin/cc     -o CMakeFiles/cmTC_9d644.dir/CMakeCCompilerABI.c.o   -c /usr/share/cmake-3.5/Modules/CMakeCCompilerABI.c
Linking C executable cmTC_9d644
/usr/bin/cmake -E cmake_link_script CMakeFiles/cmTC_9d644.dir/link.txt --verbose=1
/usr/bin/cc      -v CMakeFiles/cmTC_9d644.dir/CMakeCCompilerABI.c.o  -o cmTC_9d644 -rdynamic  
clang version 3.9.0-1ubuntu1 (tags/RELEASE_390/final)
Target: x86_64-pc-linux-gnu
Thread model: posix
InstalledDir: /usr/bin
Found candidate GCC installation: /usr/bin/../lib/gcc/x86_64-linux-gnu/6
Found candidate GCC installation: /usr/bin/../lib/gcc/x86_64-linux-gnu/6.2.0
Found candidate GCC installation: /usr/lib/gcc/x86_64-linux-gnu/6
Found candidate GCC installation: /usr/lib/gcc/x86_64-linux-gnu/6.2.0
Selected GCC installation: /usr/bin/../lib/gcc/x86_64-linux-gnu/6.2.0
Candidate multilib: .;@m64
Selected multilib: .;@m64
Found CUDA installation: /usr/local/cuda, version unknown
 "/usr/bin/ld" -export-dynamic --hash-style=both --eh-frame-hdr -m elf_x86_64 -export-dynamic -dynamic-linker /lib64/ld-linux-x86-64.so.2 -o cmTC_9d644 /usr/bin/../lib/gcc/x86_64-linux-gnu/6.2.0/../../../x86_64-linux-gnu/crt1.o /usr/bin/../lib/gcc/x86_64-linux-gnu/6.2.0/../../../x86_64-linux-gnu/crti.o /usr/bin/../lib/gcc/x86_64-linux-gnu/6.2.0/crtbegin.o -L/usr/bin/../lib/gcc/x86_64-linux-gnu/6.2.0 -L/usr/bin/../lib/gcc/x86_64-linux-gnu/6.2.0/../../../x86_64-linux-gnu -L/lib/x86_64-linux-gnu -L/lib/../lib64 -L/usr/lib/x86_64-linux-gnu -L/usr/bin/../lib/gcc/x86_64-linux-gnu/6.2.0/../../.. -L/usr/lib/llvm-3.9/bin/../lib -L/lib -L/usr/lib CMakeFiles/cmTC_9d644.dir/CMakeCCompilerABI.c.o -lgcc --as-needed -lgcc_s --no-as-needed -lc -lgcc --as-needed -lgcc_s --no-as-needed /usr/bin/../lib/gcc/x86_64-linux-gnu/6.2.0/crtend.o /usr/bin/../lib/gcc/x86_64-linux-gnu/6.2.0/../../../x86_64-linux-gnu/crtn.o
make[1]: Leaving directory '/home/rewrite/Documents/github-repos/trdrop/trdrop_lib/build/CMakeFiles/CMakeTmp'


Parsed C implicit link information from above output:
  link line regex: [^( *|.*[/\])(ld|([^/\]+-)?ld|collect2)[^/\]*( |$)]
  ignore line: [Change Dir: /home/rewrite/Documents/github-repos/trdrop/trdrop_lib/build/CMakeFiles/CMakeTmp]
  ignore line: []
  ignore line: [Run Build Command:"/usr/bin/make" "cmTC_9d644/fast"]
  ignore line: [/usr/bin/make -f CMakeFiles/cmTC_9d644.dir/build.make CMakeFiles/cmTC_9d644.dir/build]
  ignore line: [make[1]: Entering directory '/home/rewrite/Documents/github-repos/trdrop/trdrop_lib/build/CMakeFiles/CMakeTmp']
  ignore line: [Building C object CMakeFiles/cmTC_9d644.dir/CMakeCCompilerABI.c.o]
  ignore line: [/usr/bin/cc     -o CMakeFiles/cmTC_9d644.dir/CMakeCCompilerABI.c.o   -c /usr/share/cmake-3.5/Modules/CMakeCCompilerABI.c]
  ignore line: [Linking C executable cmTC_9d644]
  ignore line: [/usr/bin/cmake -E cmake_link_script CMakeFiles/cmTC_9d644.dir/link.txt --verbose=1]
  ignore line: [/usr/bin/cc      -v CMakeFiles/cmTC_9d644.dir/CMakeCCompilerABI.c.o  -o cmTC_9d644 -rdynamic  ]
  ignore line: [clang version 3.9.0-1ubuntu1 (tags/RELEASE_390/final)]
  ignore line: [Target: x86_64-pc-linux-gnu]
  ignore line: [Thread model: posix]
  ignore line: [InstalledDir: /usr/bin]
  ignore line: [Found candidate GCC installation: /usr/bin/../lib/gcc/x86_64-linux-gnu/6]
  ignore line: [Found candidate GCC installation: /usr/bin/../lib/gcc/x86_64-linux-gnu/6.2.0]
  ignore line: [Found candidate GCC installation: /usr/lib/gcc/x86_64-linux-gnu/6]
  ignore line: [Found candidate GCC installation: /usr/lib/gcc/x86_64-linux-gnu/6.2.0]
  ignore line: [Selected GCC installation: /usr/bin/../lib/gcc/x86_64-linux-gnu/6.2.0]
  ignore line: [Candidate multilib: .]
  ignore line: [@m64]
  ignore line: [Selected multilib: .]
  ignore line: [@m64]
  ignore line: [Found CUDA installation: /usr/local/cuda, version unknown]
  link line: [ "/usr/bin/ld" -export-dynamic --hash-style=both --eh-frame-hdr -m elf_x86_64 -export-dynamic -dynamic-linker /lib64/ld-linux-x86-64.so.2 -o cmTC_9d644 /usr/bin/../lib/gcc/x86_64-linux-gnu/6.2.0/../../../x86_64-linux-gnu/crt1.o /usr/bin/../lib/gcc/x86_64-linux-gnu/6.2.0/../../../x86_64-linux-gnu/crti.o /usr/bin/../lib/gcc/x86_64-linux-gnu/6.2.0/crtbegin.o -L/usr/bin/../lib/gcc/x86_64-linux-gnu/6.2.0 -L/usr/bin/../lib/gcc/x86_64-linux-gnu/6.2.0/../../../x86_64-linux-gnu -L/lib/x86_64-linux-gnu -L/lib/../lib64 -L/usr/lib/x86_64-linux-gnu -L/usr/bin/../lib/gcc/x86_64-linux-gnu/6.2.0/../../.. -L/usr/lib/llvm-3.9/bin/../lib -L/lib -L/usr/lib CMakeFiles/cmTC_9d644.dir/CMakeCCompilerABI.c.o -lgcc --as-needed -lgcc_s --no-as-needed -lc -lgcc --as-needed -lgcc_s --no-as-needed /usr/bin/../lib/gcc/x86_64-linux-gnu/6.2.0/crtend.o /usr/bin/../lib/gcc/x86_64-linux-gnu/6.2.0/../../../x86_64-linux-gnu/crtn.o]
    arg [/usr/bin/ld] ==> ignore
    arg [-export-dynamic] ==> ignore
    arg [--hash-style=both] ==> ignore
    arg [--eh-frame-hdr] ==> ignore
    arg [-m] ==> ignore
    arg [elf_x86_64] ==> ignore
    arg [-export-dynamic] ==> ignore
    arg [-dynamic-linker] ==> ignore
    arg [/lib64/ld-linux-x86-64.so.2] ==> ignore
    arg [-o] ==> ignore
    arg [cmTC_9d644] ==> ignore
    arg [/usr/bin/../lib/gcc/x86_64-linux-gnu/6.2.0/../../../x86_64-linux-gnu/crt1.o] ==> ignore
    arg [/usr/bin/../lib/gcc/x86_64-linux-gnu/6.2.0/../../../x86_64-linux-gnu/crti.o] ==> ignore
    arg [/usr/bin/../lib/gcc/x86_64-linux-gnu/6.2.0/crtbegin.o] ==> ignore
    arg [-L/usr/bin/../lib/gcc/x86_64-linux-gnu/6.2.0] ==> dir [/usr/bin/../lib/gcc/x86_64-linux-gnu/6.2.0]
    arg [-L/usr/bin/../lib/gcc/x86_64-linux-gnu/6.2.0/../../../x86_64-linux-gnu] ==> dir [/usr/bin/../lib/gcc/x86_64-linux-gnu/6.2.0/../../../x86_64-linux-gnu]
    arg [-L/lib/x86_64-linux-gnu] ==> dir [/lib/x86_64-linux-gnu]
    arg [-L/lib/../lib64] ==> dir [/lib/../lib64]
    arg [-L/usr/lib/x86_64-linux-gnu] ==> dir [/usr/lib/x86_64-linux-gnu]
    arg [-L/usr/bin/../lib/gcc/x86_64-linux-gnu/6.2.0/../../..] ==> dir [/usr/bin/../lib/gcc/x86_64-linux-gnu/6.2.0/../../..]
    arg [-L/usr/lib/llvm-3.9/bin/../lib] ==> dir [/usr/lib/llvm-3.9/bin/../lib]
    arg [-L/lib] ==> dir [/lib]
    arg [-L/usr/lib] ==> dir [/usr/lib]
    arg [CMakeFiles/cmTC_9d644.dir/CMakeCCompilerABI.c.o] ==> ignore
    arg [-lgcc] ==> lib [gcc]
    arg [--as-needed] ==> ignore
    arg [-lgcc_s] ==> lib [gcc_s]
    arg [--no-as-needed] ==> ignore
    arg [-lc] ==> lib [c]
    arg [-lgcc] ==> lib [gcc]
    arg [--as-needed] ==> ignore
    arg [-lgcc_s] ==> lib [gcc_s]
    arg [--no-as-needed] ==> ignore
    arg [/usr/bin/../lib/gcc/x86_64-linux-gnu/6.2.0/crtend.o] ==> ignore
    arg [/usr/bin/../lib/gcc/x86_64-linux-gnu/6.2.0/../../../x86_64-linux-gnu/crtn.o] ==> ignore
  remove lib [gcc]
  remove lib [gcc_s]
  remove lib [gcc]
  remove lib [gcc_s]
  collapse library dir [/usr/bin/../lib/gcc/x86_64-linux-gnu/6.2.0] ==> [/usr/lib/gcc/x86_64-linux-gnu/6.2.0]
  collapse library dir [/usr/bin/../lib/gcc/x86_64-linux-gnu/6.2.0/../../../x86_64-linux-gnu] ==> [/usr/lib/x86_64-linux-gnu]
  collapse library dir [/lib/x86_64-linux-gnu] ==> [/lib/x86_64-linux-gnu]
  collapse library dir [/lib/../lib64] ==> [/lib64]
  collapse library dir [/usr/lib/x86_64-linux-gnu] ==> [/usr/lib/x86_64-linux-gnu]
  collapse library dir [/usr/bin/../lib/gcc/x86_64-linux-gnu/6.2.0/../../..] ==> [/usr/lib]
  collapse library dir [/usr/lib/llvm-3.9/bin/../lib] ==> [/usr/lib/llvm-3.9/lib]
  collapse library dir [/lib] ==> [/lib]
  collapse library dir [/usr/lib] ==> [/usr/lib]
  implicit libs: [c]
  implicit dirs: [/usr/lib/gcc/x86_64-linux-gnu/6.2.0;/usr/lib/x86_64-linux-gnu;/lib/x86_64-linux-gnu;/lib64;/usr/lib;/usr/lib/llvm-3.9/lib;/lib]
  implicit fwks: []




Detecting C [-std=c11] compiler features compiled with the following output:
Change Dir: /home/rewrite/Documents/github-repos/trdrop/trdrop_lib/build/CMakeFiles/CMakeTmp

Run Build Command:"/usr/bin/make" "cmTC_ca29f/fast"
/usr/bin/make -f CMakeFiles/cmTC_ca29f.dir/build.make CMakeFiles/cmTC_ca29f.dir/build
make[1]: Entering directory '/home/rewrite/Documents/github-repos/trdrop/trdrop_lib/build/CMakeFiles/CMakeTmp'
Building C object CMakeFiles/cmTC_ca29f.dir/feature_tests.c.o
/usr/bin/cc    -std=c11 -o CMakeFiles/cmTC_ca29f.dir/feature_tests.c.o   -c /home/rewrite/Documents/github-repos/trdrop/trdrop_lib/build/CMakeFiles/feature_tests.c
Linking C executable cmTC_ca29f
/usr/bin/cmake -E cmake_link_script CMakeFiles/cmTC_ca29f.dir/link.txt --verbose=1
/usr/bin/cc       CMakeFiles/cmTC_ca29f.dir/feature_tests.c.o  -o cmTC_ca29f -rdynamic 
make[1]: Leaving directory '/home/rewrite/Documents/github-repos/trdrop/trdrop_lib/build/CMakeFiles/CMakeTmp'


    Feature record: C_FEATURE:1c_function_prototypes
    Feature record: C_FEATURE:1c_restrict
    Feature record: C_FEATURE:1c_static_assert
    Feature record: C_FEATURE:1c_variadic_macros


Detecting C [-std=c99] compiler features compiled with the following output:
Change Dir: /home/rewrite/Documents/github-repos/trdrop/trdrop_lib/build/CMakeFiles/CMakeTmp

Run Build Command:"/usr/bin/make" "cmTC_4ecd4/fast"
/usr/bin/make -f CMakeFiles/cmTC_4ecd4.dir/build.make CMakeFiles/cmTC_4ecd4.dir/build
make[1]: Entering directory '/home/rewrite/Documents/github-repos/trdrop/trdrop_lib/build/CMakeFiles/CMakeTmp'
Building C object CMakeFiles/cmTC_4ecd4.dir/feature_tests.c.o
/usr/bin/cc    -std=c99 -o CMakeFiles/cmTC_4ecd4.dir/feature_tests.c.o   -c /home/rewrite/Documents/github-repos/trdrop/trdrop_lib/build/CMakeFiles/feature_tests.c
Linking C executable cmTC_4ecd4
/usr/bin/cmake -E cmake_link_script CMakeFiles/cmTC_4ecd4.dir/link.txt --verbose=1
/usr/bin/cc       CMakeFiles/cmTC_4ecd4.dir/feature_tests.c.o  -o cmTC_4ecd4 -rdynamic 
make[1]: Leaving directory '/home/rewrite/Documents/github-repos/trdrop/trdrop_lib/build/CMakeFiles/CMakeTmp'


    Feature record: C_FEATURE:1c_function_prototypes
    Feature record: C_FEATURE:1c_restrict
    Feature record: C_FEATURE:0c_static_assert
    Feature record: C_FEATURE:1c_variadic_macros


Detecting C [-std=c90] compiler features compiled with the following output:
Change Dir: /home/rewrite/Documents/github-repos/trdrop/trdrop_lib/build/CMakeFiles/CMakeTmp

Run Build Command:"/usr/bin/make" "cmTC_94f66/fast"
/usr/bin/make -f CMakeFiles/cmTC_94f66.dir/build.make CMakeFiles/cmTC_94f66.dir/build
make[1]: Entering directory '/home/rewrite/Documents/github-repos/trdrop/trdrop_lib/build/CMakeFiles/CMakeTmp'
Building C object CMakeFiles/cmTC_94f66.dir/feature_tests.c.o
/usr/bin/cc    -std=c90 -o CMakeFiles/cmTC_94f66.dir/feature_tests.c.o   -c /home/rewrite/Documents/github-repos/trdrop/trdrop_lib/build/CMakeFiles/feature_tests.c
Linking C executable cmTC_94f66
/usr/bin/cmake -E cmake_link_script CMakeFiles/cmTC_94f66.dir/link.txt --verbose=1
/usr/bin/cc       CMakeFiles/cmTC_94f66.dir/feature_tests.c.o  -o cmTC_94f66 -rdynamic 
make[1]: Leaving directory '/home/rewrite/Documents/github-repos/trdrop/trdrop_lib/build/CMakeFiles/CMakeTmp'


    Feature record: C_FEATURE:1c_function_prototypes
    Feature record: C_FEATURE:0c_restrict
    Feature record: C_FEATURE:0c_static_assert
    Feature record: C_FEATURE:0c_variadic_macros
Determining if the CXX compiler works passed with the following output:
Change Dir: /home/rewrite/Documents/github-repos/trdrop/trdrop_lib/build/CMakeFiles/CMakeTmp

Run Build Command:"/usr/bin/make" "cmTC_98386/fast"
/usr/bin/make -f CMakeFiles/cmTC_98386.dir/build.make CMakeFiles/cmTC_98386.dir/build
make[1]: Entering directory '/home/rewrite/Documents/github-repos/trdrop/trdrop_lib/build/CMakeFiles/CMakeTmp'
Building CXX object CMakeFiles/cmTC_98386.dir/testCXXCompiler.cxx.o
/usr/bin/c++      -o CMakeFiles/cmTC_98386.dir/testCXXCompiler.cxx.o -c /home/rewrite/Documents/github-repos/trdrop/trdrop_lib/build/CMakeFiles/CMakeTmp/testCXXCompiler.cxx
Linking CXX executable cmTC_98386
/usr/bin/cmake -E cmake_link_script CMakeFiles/cmTC_98386.dir/link.txt --verbose=1
/usr/bin/c++        CMakeFiles/cmTC_98386.dir/testCXXCompiler.cxx.o  -o cmTC_98386 -rdynamic 
make[1]: Leaving directory '/home/rewrite/Documents/github-repos/trdrop/trdrop_lib/build/CMakeFiles/CMakeTmp'


Detecting CXX compiler ABI info compiled with the following output:
Change Dir: /home/rewrite/Documents/github-repos/trdrop/trdrop_lib/build/CMakeFiles/CMakeTmp

Run Build Command:"/usr/bin/make" "cmTC_9dba6/fast"
/usr/bin/make -f CMakeFiles/cmTC_9dba6.dir/build.make CMakeFiles/cmTC_9dba6.dir/build
make[1]: Entering directory '/home/rewrite/Documents/github-repos/trdrop/trdrop_lib/build/CMakeFiles/CMakeTmp'
Building CXX object CMakeFiles/cmTC_9dba6.dir/CMakeCXXCompilerABI.cpp.o
/usr/bin/c++      -o CMakeFiles/cmTC_9dba6.dir/CMakeCXXCompilerABI.cpp.o -c /usr/share/cmake-3.5/Modules/CMakeCXXCompilerABI.cpp
Linking CXX executable cmTC_9dba6
/usr/bin/cmake -E cmake_link_script CMakeFiles/cmTC_9dba6.dir/link.txt --verbose=1
/usr/bin/c++       -v CMakeFiles/cmTC_9dba6.dir/CMakeCXXCompilerABI.cpp.o  -o cmTC_9dba6 -rdynamic  
clang version 3.9.0-1ubuntu1 (tags/RELEASE_390/final)
Target: x86_64-pc-linux-gnu
Thread model: posix
InstalledDir: /usr/bin
Found candidate GCC installation: /usr/bin/../lib/gcc/x86_64-linux-gnu/6
Found candidate GCC installation: /usr/bin/../lib/gcc/x86_64-linux-gnu/6.2.0
Found candidate GCC installation: /usr/lib/gcc/x86_64-linux-gnu/6
Found candidate GCC installation: /usr/lib/gcc/x86_64-linux-gnu/6.2.0
Selected GCC installation: /usr/bin/../lib/gcc/x86_64-linux-gnu/6.2.0
Candidate multilib: .;@m64
Selected multilib: .;@m64
Found CUDA installation: /usr/local/cuda, version unknown
 "/usr/bin/ld" -export-dynamic --hash-style=both --eh-frame-hdr -m elf_x86_64 -export-dynamic -dynamic-linker /lib64/ld-linux-x86-64.so.2 -o cmTC_9dba6 /usr/bin/../lib/gcc/x86_64-linux-gnu/6.2.0/../../../x86_64-linux-gnu/crt1.o /usr/bin/../lib/gcc/x86_64-linux-gnu/6.2.0/../../../x86_64-linux-gnu/crti.o /usr/bin/../lib/gcc/x86_64-linux-gnu/6.2.0/crtbegin.o -L/usr/bin/../lib/gcc/x86_64-linux-gnu/6.2.0 -L/usr/bin/../lib/gcc/x86_64-linux-gnu/6.2.0/../../../x86_64-linux-gnu -L/lib/x86_64-linux-gnu -L/lib/../lib64 -L/usr/lib/x86_64-linux-gnu -L/usr/bin/../lib/gcc/x86_64-linux-gnu/6.2.0/../../.. -L/usr/lib/llvm-3.9/bin/../lib -L/lib -L/usr/lib CMakeFiles/cmTC_9dba6.dir/CMakeCXXCompilerABI.cpp.o -lstdc++ -lm -lgcc_s -lgcc -lc -lgcc_s -lgcc /usr/bin/../lib/gcc/x86_64-linux-gnu/6.2.0/crtend.o /usr/bin/../lib/gcc/x86_64-linux-gnu/6.2.0/../../../x86_64-linux-gnu/crtn.o
make[1]: Leaving directory '/home/rewrite/Documents/github-repos/trdrop/trdrop_lib/build/CMakeFiles/CMakeTmp'


Parsed CXX implicit link information from above output:
  link line regex: [^( *|.*[/\])(ld|([^/\]+-)?ld|collect2)[^/\]*( |$)]
  ignore line: [Change Dir: /home/rewrite/Documents/github-repos/trdrop/trdrop_lib/build/CMakeFiles/CMakeTmp]
  ignore line: []
  ignore line: [Run Build Command:"/usr/bin/make" "cmTC_9dba6/fast"]
  ignore line: [/usr/bin/make -f CMakeFiles/cmTC_9dba6.dir/build.make CMakeFiles/cmTC_9dba6.dir/build]
  ignore line: [make[1]: Entering directory '/home/rewrite/Documents/github-repos/trdrop/trdrop_lib/build/CMakeFiles/CMakeTmp']
  ignore line: [Building CXX object CMakeFiles/cmTC_9dba6.dir/CMakeCXXCompilerABI.cpp.o]
  ignore line: [/usr/bin/c++      -o CMakeFiles/cmTC_9dba6.dir/CMakeCXXCompilerABI.cpp.o -c /usr/share/cmake-3.5/Modules/CMakeCXXCompilerABI.cpp]
  ignore line: [Linking CXX executable cmTC_9dba6]
  ignore line: [/usr/bin/cmake -E cmake_link_script CMakeFiles/cmTC_9dba6.dir/link.txt --verbose=1]
  ignore line: [/usr/bin/c++       -v CMakeFiles/cmTC_9dba6.dir/CMakeCXXCompilerABI.cpp.o  -o cmTC_9dba6 -rdynamic  ]
  ignore line: [clang version 3.9.0-1ubuntu1 (tags/RELEASE_390/final)]
  ignore line: [Target: x86_64-pc-linux-gnu]
  ignore line: [Thread model: posix]
  ignore line: [InstalledDir: /usr/bin]
  ignore line: [Found candidate GCC installation: /usr/bin/../lib/gcc/x86_64-linux-gnu/6]
  ignore line: [Found candidate GCC installation: /usr/bin/../lib/gcc/x86_64-linux-gnu/6.2.0]
  ignore line: [Found candidate GCC installation: /usr/lib/gcc/x86_64-linux-gnu/6]
  ignore line: [Found candidate GCC installation: /usr/lib/gcc/x86_64-linux-gnu/6.2.0]
  ignore line: [Selected GCC installation: /usr/bin/../lib/gcc/x86_64-linux-gnu/6.2.0]
  ignore line: [Candidate multilib: .]
  ignore line: [@m64]
  ignore line: [Selected multilib: .]
  ignore line: [@m64]
  ignore line: [Found CUDA installation: /usr/local/cuda, version unknown]
  link line: [ "/usr/bin/ld" -export-dynamic --hash-style=both --eh-frame-hdr -m elf_x86_64 -export-dynamic -dynamic-linker /lib64/ld-linux-x86-64.so.2 -o cmTC_9dba6 /usr/bin/../lib/gcc/x86_64-linux-gnu/6.2.0/../../../x86_64-linux-gnu/crt1.o /usr/bin/../lib/gcc/x86_64-linux-gnu/6.2.0/../../../x86_64-linux-gnu/crti.o /usr/bin/../lib/gcc/x86_64-linux-gnu/6.2.0/crtbegin.o -L/usr/bin/../lib/gcc/x86_64-linux-gnu/6.2.0 -L/usr/bin/../lib/gcc/x86_64-linux-gnu/6.2.0/../../../x86_64-linux-gnu -L/lib/x86_64-linux-gnu -L/lib/../lib64 -L/usr/lib/x86_64-linux-gnu -L/usr/bin/../lib/gcc/x86_64-linux-gnu/6.2.0/../../.. -L/usr/lib/llvm-3.9/bin/../lib -L/lib -L/usr/lib CMakeFiles/cmTC_9dba6.dir/CMakeCXXCompilerABI.cpp.o -lstdc++ -lm -lgcc_s -lgcc -lc -lgcc_s -lgcc /usr/bin/../lib/gcc/x86_64-linux-gnu/6.2.0/crtend.o /usr/bin/../lib/gcc/x86_64-linux-gnu/6.2.0/../../../x86_64-linux-gnu/crtn.o]
    arg [/usr/bin/ld] ==> ignore
    arg [-export-dynamic] ==> ignore
    arg [--hash-style=both] ==> ignore
    arg [--eh-frame-hdr] ==> ignore
    arg [-m] ==> ignore
    arg [elf_x86_64] ==> ignore
    arg [-export-dynamic] ==> ignore
    arg [-dynamic-linker] ==> ignore
    arg [/lib64/ld-linux-x86-64.so.2] ==> ignore
    arg [-o] ==> ignore
    arg [cmTC_9dba6] ==> ignore
    arg [/usr/bin/../lib/gcc/x86_64-linux-gnu/6.2.0/../../../x86_64-linux-gnu/crt1.o] ==> ignore
    arg [/usr/bin/../lib/gcc/x86_64-linux-gnu/6.2.0/../../../x86_64-linux-gnu/crti.o] ==> ignore
    arg [/usr/bin/../lib/gcc/x86_64-linux-gnu/6.2.0/crtbegin.o] ==> ignore
    arg [-L/usr/bin/../lib/gcc/x86_64-linux-gnu/6.2.0] ==> dir [/usr/bin/../lib/gcc/x86_64-linux-gnu/6.2.0]
    arg [-L/usr/bin/../lib/gcc/x86_64-linux-gnu/6.2.0/../../../x86_64-linux-gnu] ==> dir [/usr/bin/../lib/gcc/x86_64-linux-gnu/6.2.0/../../../x86_64-linux-gnu]
    arg [-L/lib/x86_64-linux-gnu] ==> dir [/lib/x86_64-linux-gnu]
    arg [-L/lib/../lib64] ==> dir [/lib/../lib64]
    arg [-L/usr/lib/x86_64-linux-gnu] ==> dir [/usr/lib/x86_64-linux-gnu]
    arg [-L/usr/bin/../lib/gcc/x86_64-linux-gnu/6.2.0/../../..] ==> dir [/usr/bin/../lib/gcc/x86_64-linux-gnu/6.2.0/../../..]
    arg [-L/usr/lib/llvm-3.9/bin/../lib] ==> dir [/usr/lib/llvm-3.9/bin/../lib]
    arg [-L/lib] ==> dir [/lib]
    arg [-L/usr/lib] ==> dir [/usr/lib]
    arg [CMakeFiles/cmTC_9dba6.dir/CMakeCXXCompilerABI.cpp.o] ==> ignore
    arg [-lstdc++] ==> lib [stdc++]
    arg [-lm] ==> lib [m]
    arg [-lgcc_s] ==> lib [gcc_s]
    arg [-lgcc] ==> lib [gcc]
    arg [-lc] ==> lib [c]
    arg [-lgcc_s] ==> lib [gcc_s]
    arg [-lgcc] ==> lib [gcc]
    arg [/usr/bin/../lib/gcc/x86_64-linux-gnu/6.2.0/crtend.o] ==> ignore
    arg [/usr/bin/../lib/gcc/x86_64-linux-gnu/6.2.0/../../../x86_64-linux-gnu/crtn.o] ==> ignore
  remove lib [gcc_s]
  remove lib [gcc]
  remove lib [gcc_s]
  remove lib [gcc]
  collapse library dir [/usr/bin/../lib/gcc/x86_64-linux-gnu/6.2.0] ==> [/usr/lib/gcc/x86_64-linux-gnu/6.2.0]
  collapse library dir [/usr/bin/../lib/gcc/x86_64-linux-gnu/6.2.0/../../../x86_64-linux-gnu] ==> [/usr/lib/x86_64-linux-gnu]
  collapse library dir [/lib/x86_64-linux-gnu] ==> [/lib/x86_64-linux-gnu]
  collapse library dir [/lib/../lib64] ==> [/lib64]
  collapse library dir [/usr/lib/x86_64-linux-gnu] ==> [/usr/lib/x86_64-linux-gnu]
  collapse library dir [/usr/bin/../lib/gcc/x86_64-linux-gnu/6.2.0/../../..] ==> [/usr/lib]
  collapse library dir [/usr/lib/llvm-3.9/bin/../lib] ==> [/usr/lib/llvm-3.9/lib]
  collapse library dir [/lib] ==> [/lib]
  collapse library dir [/usr/lib] ==> [/usr/lib]
  implicit libs: [stdc++;m;c]
  implicit dirs: [/usr/lib/gcc/x86_64-linux-gnu/6.2.0;/usr/lib/x86_64-linux-gnu;/lib/x86_64-linux-gnu;/lib64;/usr/lib;/usr/lib/llvm-3.9/lib;/lib]
  implicit fwks: []




Detecting CXX [-std=c++14] compiler features compiled with the following output:
Change Dir: /home/rewrite/Documents/github-repos/trdrop/trdrop_lib/build/CMakeFiles/CMakeTmp

Run Build Command:"/usr/bin/make" "cmTC_e86c0/fast"
/usr/bin/make -f CMakeFiles/cmTC_e86c0.dir/build.make CMakeFiles/cmTC_e86c0.dir/build
make[1]: Entering directory '/home/rewrite/Documents/github-repos/trdrop/trdrop_lib/build/CMakeFiles/CMakeTmp'
Building CXX object CMakeFiles/cmTC_e86c0.dir/feature_tests.cxx.o
/usr/bin/c++     -std=c++14 -o CMakeFiles/cmTC_e86c0.dir/feature_tests.cxx.o -c /home/rewrite/Documents/github-repos/trdrop/trdrop_lib/build/CMakeFiles/feature_tests.cxx
Linking CXX executable cmTC_e86c0
/usr/bin/cmake -E cmake_link_script CMakeFiles/cmTC_e86c0.dir/link.txt --verbose=1
/usr/bin/c++        CMakeFiles/cmTC_e86c0.dir/feature_tests.cxx.o  -o cmTC_e86c0 -rdynamic 
make[1]: Leaving directory '/home/rewrite/Documents/github-repos/trdrop/trdrop_lib/build/CMakeFiles/CMakeTmp'


    Feature record: CXX_FEATURE:1cxx_aggregate_default_initializers
    Feature record: CXX_FEATURE:1cxx_alias_templates
    Feature record: CXX_FEATURE:1cxx_alignas
    Feature record: CXX_FEATURE:1cxx_alignof
    Feature record: CXX_FEATURE:1cxx_attributes
    Feature record: CXX_FEATURE:1cxx_attribute_deprecated
    Feature record: CXX_FEATURE:1cxx_auto_type
    Feature record: CXX_FEATURE:1cxx_binary_literals
    Feature record: CXX_FEATURE:1cxx_constexpr
    Feature record: CXX_FEATURE:1cxx_contextual_conversions
    Feature record: CXX_FEATURE:1cxx_decltype
    Feature record: CXX_FEATURE:1cxx_decltype_auto
    Feature record: CXX_FEATURE:1cxx_decltype_incomplete_return_types
    Feature record: CXX_FEATURE:1cxx_default_function_template_args
    Feature record: CXX_FEATURE:1cxx_defaulted_functions
    Feature record: CXX_FEATURE:1cxx_defaulted_move_initializers
    Feature record: CXX_FEATURE:1cxx_delegating_constructors
    Feature record: CXX_FEATURE:1cxx_deleted_functions
    Feature record: CXX_FEATURE:1cxx_digit_separators
    Feature record: CXX_FEATURE:1cxx_enum_forward_declarations
    Feature record: CXX_FEATURE:1cxx_explicit_conversions
    Feature record: CXX_FEATURE:1cxx_extended_friend_declarations
    Feature record: CXX_FEATURE:1cxx_extern_templates
    Feature record: CXX_FEATURE:1cxx_final
    Feature record: CXX_FEATURE:1cxx_func_identifier
    Feature record: CXX_FEATURE:1cxx_generalized_initializers
    Feature record: CXX_FEATURE:1cxx_generic_lambdas
    Feature record: CXX_FEATURE:1cxx_inheriting_constructors
    Feature record: CXX_FEATURE:1cxx_inline_namespaces
    Feature record: CXX_FEATURE:1cxx_lambdas
    Feature record: CXX_FEATURE:1cxx_lambda_init_captures
    Feature record: CXX_FEATURE:1cxx_local_type_template_args
    Feature record: CXX_FEATURE:1cxx_long_long_type
    Feature record: CXX_FEATURE:1cxx_noexcept
    Feature record: CXX_FEATURE:1cxx_nonstatic_member_init
    Feature record: CXX_FEATURE:1cxx_nullptr
    Feature record: CXX_FEATURE:1cxx_override
    Feature record: CXX_FEATURE:1cxx_range_for
    Feature record: CXX_FEATURE:1cxx_raw_string_literals
    Feature record: CXX_FEATURE:1cxx_reference_qualified_functions
    Feature record: CXX_FEATURE:1cxx_relaxed_constexpr
    Feature record: CXX_FEATURE:1cxx_return_type_deduction
    Feature record: CXX_FEATURE:1cxx_right_angle_brackets
    Feature record: CXX_FEATURE:1cxx_rvalue_references
    Feature record: CXX_FEATURE:1cxx_sizeof_member
    Feature record: CXX_FEATURE:1cxx_static_assert
    Feature record: CXX_FEATURE:1cxx_strong_enums
    Feature record: CXX_FEATURE:1cxx_template_template_parameters
    Feature record: CXX_FEATURE:1cxx_thread_local
    Feature record: CXX_FEATURE:1cxx_trailing_return_types
    Feature record: CXX_FEATURE:1cxx_unicode_literals
    Feature record: CXX_FEATURE:1cxx_uniform_initialization
    Feature record: CXX_FEATURE:1cxx_unrestricted_unions
    Feature record: CXX_FEATURE:1cxx_user_literals
    Feature record: CXX_FEATURE:1cxx_variable_templates
    Feature record: CXX_FEATURE:1cxx_variadic_macros
    Feature record: CXX_FEATURE:1cxx_variadic_templates


Detecting CXX [-std=c++11] compiler features compiled with the following output:
Change Dir: /home/rewrite/Documents/github-repos/trdrop/trdrop_lib/build/CMakeFiles/CMakeTmp

Run Build Command:"/usr/bin/make" "cmTC_d197c/fast"
/usr/bin/make -f CMakeFiles/cmTC_d197c.dir/build.make CMakeFiles/cmTC_d197c.dir/build
make[1]: Entering directory '/home/rewrite/Documents/github-repos/trdrop/trdrop_lib/build/CMakeFiles/CMakeTmp'
Building CXX object CMakeFiles/cmTC_d197c.dir/feature_tests.cxx.o
/usr/bin/c++     -std=c++11 -o CMakeFiles/cmTC_d197c.dir/feature_tests.cxx.o -c /home/rewrite/Documents/github-repos/trdrop/trdrop_lib/build/CMakeFiles/feature_tests.cxx
Linking CXX executable cmTC_d197c
/usr/bin/cmake -E cmake_link_script CMakeFiles/cmTC_d197c.dir/link.txt --verbose=1
/usr/bin/c++        CMakeFiles/cmTC_d197c.dir/feature_tests.cxx.o  -o cmTC_d197c -rdynamic 
make[1]: Leaving directory '/home/rewrite/Documents/github-repos/trdrop/trdrop_lib/build/CMakeFiles/CMakeTmp'


    Feature record: CXX_FEATURE:0cxx_aggregate_default_initializers
    Feature record: CXX_FEATURE:1cxx_alias_templates
    Feature record: CXX_FEATURE:1cxx_alignas
    Feature record: CXX_FEATURE:1cxx_alignof
    Feature record: CXX_FEATURE:1cxx_attributes
    Feature record: CXX_FEATURE:0cxx_attribute_deprecated
    Feature record: CXX_FEATURE:1cxx_auto_type
    Feature record: CXX_FEATURE:0cxx_binary_literals
    Feature record: CXX_FEATURE:1cxx_constexpr
    Feature record: CXX_FEATURE:0cxx_contextual_conversions
    Feature record: CXX_FEATURE:1cxx_decltype
    Feature record: CXX_FEATURE:0cxx_decltype_auto
    Feature record: CXX_FEATURE:1cxx_decltype_incomplete_return_types
    Feature record: CXX_FEATURE:1cxx_default_function_template_args
    Feature record: CXX_FEATURE:1cxx_defaulted_functions
    Feature record: CXX_FEATURE:1cxx_defaulted_move_initializers
    Feature record: CXX_FEATURE:1cxx_delegating_constructors
    Feature record: CXX_FEATURE:1cxx_deleted_functions
    Feature record: CXX_FEATURE:0cxx_digit_separators
    Feature record: CXX_FEATURE:1cxx_enum_forward_declarations
    Feature record: CXX_FEATURE:1cxx_explicit_conversions
    Feature record: CXX_FEATURE:1cxx_extended_friend_declarations
    Feature record: CXX_FEATURE:1cxx_extern_templates
    Feature record: CXX_FEATURE:1cxx_final
    Feature record: CXX_FEATURE:1cxx_func_identifier
    Feature record: CXX_FEATURE:1cxx_generalized_initializers
    Feature record: CXX_FEATURE:0cxx_generic_lambdas
    Feature record: CXX_FEATURE:1cxx_inheriting_constructors
    Feature record: CXX_FEATURE:1cxx_inline_namespaces
    Feature record: CXX_FEATURE:1cxx_lambdas
    Feature record: CXX_FEATURE:0cxx_lambda_init_captures
    Feature record: CXX_FEATURE:1cxx_local_type_template_args
    Feature record: CXX_FEATURE:1cxx_long_long_type
    Feature record: CXX_FEATURE:1cxx_noexcept
    Feature record: CXX_FEATURE:1cxx_nonstatic_member_init
    Feature record: CXX_FEATURE:1cxx_nullptr
    Feature record: CXX_FEATURE:1cxx_override
    Feature record: CXX_FEATURE:1cxx_range_for
    Feature record: CXX_FEATURE:1cxx_raw_string_literals
    Feature record: CXX_FEATURE:1cxx_reference_qualified_functions
    Feature record: CXX_FEATURE:0cxx_relaxed_constexpr
    Feature record: CXX_FEATURE:0cxx_return_type_deduction
    Feature record: CXX_FEATURE:1cxx_right_angle_brackets
    Feature record: CXX_FEATURE:1cxx_rvalue_references
    Feature record: CXX_FEATURE:1cxx_sizeof_member
    Feature record: CXX_FEATURE:1cxx_static_assert
    Feature record: CXX_FEATURE:1cxx_strong_enums
    Feature record: CXX_FEATURE:1cxx_template_template_parameters
    Feature record: CXX_FEATURE:1cxx_thread_local
    Feature record: CXX_FEATURE:1cxx_trailing_return_types
    Feature record: CXX_FEATURE:1cxx_unicode_literals
    Feature record: CXX_FEATURE:1cxx_uniform_initialization
    Feature record: CXX_FEATURE:1cxx_unrestricted_unions
    Feature record: CXX_FEATURE:1cxx_user_literals
    Feature record: CXX_FEATURE:0cxx_variable_templates
    Feature record: CXX_FEATURE:1cxx_variadic_macros
    Feature record: CXX_FEATURE:1cxx_variadic_templates


Detecting CXX [-std=c++98] compiler features compiled with the following output:
Change Dir: /home/rewrite/Documents/github-repos/trdrop/trdrop_lib/build/CMakeFiles/CMakeTmp

Run Build Command:"/usr/bin/make" "cmTC_a2b83/fast"
/usr/bin/make -f CMakeFiles/cmTC_a2b83.dir/build.make CMakeFiles/cmTC_a2b83.dir/build
make[1]: Entering directory '/home/rewrite/Documents/github-repos/trdrop/trdrop_lib/build/CMakeFiles/CMakeTmp'
Building CXX object CMakeFiles/cmTC_a2b83.dir/feature_tests.cxx.o
/usr/bin/c++     -std=c++98 -o CMakeFiles/cmTC_a2b83.dir/feature_tests.cxx.o -c /home/rewrite/Documents/github-repos/trdrop/trdrop_lib/build/CMakeFiles/feature_tests.cxx
Linking CXX executable cmTC_a2b83
/usr/bin/cmake -E cmake_link_script CMakeFiles/cmTC_a2b83.dir/link.txt --verbose=1
/usr/bin/c++        CMakeFiles/cmTC_a2b83.dir/feature_tests.cxx.o  -o cmTC_a2b83 -rdynamic 
make[1]: Leaving directory '/home/rewrite/Documents/github-repos/trdrop/trdrop_lib/build/CMakeFiles/CMakeTmp'


    Feature record: CXX_FEATURE:0cxx_aggregate_default_initializers
    Feature record: CXX_FEATURE:0cxx_alias_templates
    Feature record: CXX_FEATURE:0cxx_alignas
    Feature record: CXX_FEATURE:0cxx_alignof
    Feature record: CXX_FEATURE:0cxx_attributes
    Feature record: CXX_FEATURE:0cxx_attribute_deprecated
    Feature record: CXX_FEATURE:0cxx_auto_type
    Feature record: CXX_FEATURE:0cxx_binary_literals
    Feature record: CXX_FEATURE:0cxx_constexpr
    Feature record: CXX_FEATURE:0cxx_contextual_conversions
    Feature record: CXX_FEATURE:0cxx_decltype
    Feature record: CXX_FEATURE:0cxx_decltype_auto
    Feature record: CXX_FEATURE:0cxx_decltype_incomplete_return_types
    Feature record: CXX_FEATURE:0cxx_default_function_template_args
    Feature record: CXX_FEATURE:0cxx_defaulted_functions
    Feature record: CXX_FEATURE:0cxx_defaulted_move_initializers
    Feature record: CXX_FEATURE:0cxx_delegating_constructors
    Feature record: CXX_FEATURE:0cxx_deleted_functions
    Feature record: CXX_FEATURE:0cxx_digit_separators
    Feature record: CXX_FEATURE:0cxx_enum_forward_declarations
    Feature record: CXX_FEATURE:0cxx_explicit_conversions
    Feature record: CXX_FEATURE:0cxx_extended_friend_declarations
    Feature record: CXX_FEATURE:0cxx_extern_templates
    Feature record: CXX_FEATURE:0cxx_final
    Feature record: CXX_FEATURE:0cxx_func_identifier
    Feature record: CXX_FEATURE:0cxx_generalized_initializers
    Feature record: CXX_FEATURE:0cxx_generic_lambdas
    Feature record: CXX_FEATURE:0cxx_inheriting_constructors
    Feature record: CXX_FEATURE:0cxx_inline_namespaces
    Feature record: CXX_FEATURE:0cxx_lambdas
    Feature record: CXX_FEATURE:0cxx_lambda_init_captures
    Feature record: CXX_FEATURE:0cxx_local_type_template_args
    Feature record: CXX_FEATURE:0cxx_long_long_type
    Feature record: CXX_FEATURE:0cxx_noexcept
    Feature record: CXX_FEATURE:0cxx_nonstatic_member_init
    Feature record: CXX_FEATURE:0cxx_nullptr
    Feature record: CXX_FEATURE:0cxx_override
    Feature record: CXX_FEATURE:0cxx_range_for
    Feature record: CXX_FEATURE:0cxx_raw_string_literals
    Feature record: CXX_FEATURE:0cxx_reference_qualified_functions
    Feature record: CXX_FEATURE:0cxx_relaxed_constexpr
    Feature record: CXX_FEATURE:0cxx_return_type_deduction
    Feature record: CXX_FEATURE:0cxx_right_angle_brackets
    Feature record: CXX_FEATURE:0cxx_rvalue_references
    Feature record: CXX_FEATURE:0cxx_sizeof_member
    Feature record: CXX_FEATURE:0cxx_static_assert
    Feature record: CXX_FEATURE:0cxx_strong_enums
    Feature record: CXX_FEATURE:1cxx_template_template_parameters
    Feature record: CXX_FEATURE:0cxx_thread_local
    Feature record: CXX_FEATURE:0cxx_trailing_return_types
    Feature record: CXX_FEATURE:0cxx_unicode_literals
    Feature record: CXX_FEATURE:0cxx_uniform_initialization
    Feature record: CXX_FEATURE:0cxx_unrestricted_unions
    Feature record: CXX_FEATURE:0cxx_user_literals
    Feature record: CXX_FEATURE:0cxx_variable_templates
    Feature record: CXX_FEATURE:0cxx_variadic_macros
    Feature record: CXX_FEATURE:0cxx_variadic_templates
